[debug] [2021-10-19T11:07:15.386Z] ----------------------------------------------------------------------
[debug] [2021-10-19T11:07:15.389Z] Command:       C:\Program Files\nodejs\node.exe C:\Users\Raju\AppData\Roaming\npm\node_modules\firebase-tools\lib\bin\firebase.js init
[debug] [2021-10-19T11:07:15.389Z] CLI Version:   9.20.0
[debug] [2021-10-19T11:07:15.389Z] Platform:      win32
[debug] [2021-10-19T11:07:15.389Z] Node Version:  v14.16.1
[debug] [2021-10-19T11:07:15.391Z] Time:          Tue Oct 19 2021 17:07:15 GMT+0600 (Bangladesh Standard Time)
[debug] [2021-10-19T11:07:15.391Z] ----------------------------------------------------------------------
[debug] 
[debug] [2021-10-19T11:07:15.400Z] > command requires scopes: ["email","openid","https://www.googleapis.com/auth/cloudplatformprojects.readonly","https://www.googleapis.com/auth/firebase","https://www.googleapis.com/auth/cloud-platform"]
[debug] [2021-10-19T11:07:15.400Z] > authorizing via signed-in user (rajudev94@gmail.com)
[info] 
     ######## #### ########  ######## ########     ###     ######  ########
     ##        ##  ##     ## ##       ##     ##  ##   ##  ##       ##
     ######    ##  ########  ######   ########  #########  ######  ######
     ##        ##  ##    ##  ##       ##     ## ##     ##       ## ##
     ##       #### ##     ## ######## ########  ##     ##  ######  ########

You're about to initialize a Firebase project in this directory:

  D:\Web Development Journey\Assignment 10\power-gym

[info] 
=== Project Setup
[info] 
[info] First, let's associate this project directory with a Firebase project.
[info] You can create multiple project aliases by running firebase use --add, 
[info] but for now we'll just set up a default project.
[info] 
[debug] [2021-10-19T11:09:13.365Z] >>> [apiv2][query] GET https://firebase.googleapis.com/v1beta1/projects pageSize=100
[debug] [2021-10-19T11:09:14.728Z] <<< [apiv2][status] GET https://firebase.googleapis.com/v1beta1/projects 200
[debug] [2021-10-19T11:09:14.731Z] <<< [apiv2][body] GET https://firebase.googleapis.com/v1beta1/projects [omitted]
[info] i  Using project power-gym-484eb (Power Gym) 
[info] 
=== Hosting:github Setup
[info] 
[info] i  Detected a .git folder at D:\Web Development Journey\Assignment 10\power-gym 
[info] i  Authorizing with GitHub to upload your service account to a GitHub repository's secrets store. 
[info] 
[info] Visit this URL on this device to log in:
[info] https://github.com/login/oauth/authorize?client_id=89cf50f02ac6aaed3484&state=928103889&redirect_uri=http%3A%2F%2Flocalhost%3A9005&scope=read%3Auser%20repo%20public_repo
[info] 
[info] Waiting for authentication...
[debug] [2021-10-19T11:10:52.720Z] >>> HTTP REQUEST POST https://github.com/login/oauth/access_token  
 {"client_id":"89cf50f02ac6aaed3484","client_secret":"3330d14abc895d9a74d5f17cd7a00711fa2c5bf0","code":"eef309b821e1beb31ba5","redirect_uri":"http://localhost:9005","state":"928103889"}
[debug] [2021-10-19T11:10:53.240Z] <<< HTTP RESPONSE 200 {"server":"GitHub.com","date":"Tue, 19 Oct 2021 11:10:53 GMT","content-type":"application/json; charset=utf-8","transfer-encoding":"chunked","vary":"X-PJAX, X-PJAX-Container, Accept-Encoding, Accept, X-Requested-With","permissions-policy":"interest-cohort=()","etag":"W/\"c15d37fbc96ecd0f53ec9820a6ca545f\"","cache-control":"max-age=0, private, must-revalidate","strict-transport-security":"max-age=31536000; includeSubdomains; preload","x-frame-options":"deny","x-content-type-options":"nosniff","x-xss-protection":"0","referrer-policy":"origin-when-cross-origin, strict-origin-when-cross-origin","expect-ct":"max-age=2592000, report-uri=\"https://api.github.com/_private/browser/errors\"","content-security-policy":"default-src 'none'; base-uri 'self'; block-all-mixed-content; child-src github.com/assets-cdn/worker/ gist.github.com/assets-cdn/worker/; connect-src 'self' uploads.github.com objects-origin.githubusercontent.com www.githubstatus.com collector.githubapp.com api.github.com github-cloud.s3.amazonaws.com github-production-repository-file-5c1aeb.s3.amazonaws.com github-production-upload-manifest-file-7fdce7.s3.amazonaws.com github-production-user-asset-6210df.s3.amazonaws.com cdn.optimizely.com logx.optimizely.com/v1/events translator.github.com wss://alive.github.com; font-src github.githubassets.com; form-action 'self' github.com gist.github.com objects-origin.githubusercontent.com; frame-ancestors 'none'; frame-src render.githubusercontent.com viewscreen.githubusercontent.com; img-src 'self' data: github.githubassets.com identicons.github.com collector.githubapp.com github-cloud.s3.amazonaws.com secured-user-images.githubusercontent.com/ *.githubusercontent.com; manifest-src 'self'; media-src github.com user-images.githubusercontent.com/; script-src github.githubassets.com; style-src 'unsafe-inline' github.githubassets.com; worker-src github.com/assets-cdn/worker/ gist.github.com/assets-cdn/worker/","x-github-request-id":"E51B:4C58:23184:45333:616EA7BC"}
[debug] [2021-10-19T11:10:53.265Z] >>> [apiv2][query] GET https://api.github.com/user [none]
[debug] [2021-10-19T11:10:53.782Z] <<< [apiv2][status] GET https://api.github.com/user 200
[debug] [2021-10-19T11:10:53.782Z] <<< [apiv2][body] GET https://api.github.com/user {"login":"rajudev24","id":38175435,"node_id":"MDQ6VXNlcjM4MTc1NDM1","avatar_url":"https://avatars.githubusercontent.com/u/38175435?v=4","gravatar_id":"","url":"https://api.github.com/users/rajudev24","html_url":"https://github.com/rajudev24","followers_url":"https://api.github.com/users/rajudev24/followers","following_url":"https://api.github.com/users/rajudev24/following{/other_user}","gists_url":"https://api.github.com/users/rajudev24/gists{/gist_id}","starred_url":"https://api.github.com/users/rajudev24/starred{/owner}{/repo}","subscriptions_url":"https://api.github.com/users/rajudev24/subscriptions","organizations_url":"https://api.github.com/users/rajudev24/orgs","repos_url":"https://api.github.com/users/rajudev24/repos","events_url":"https://api.github.com/users/rajudev24/events{/privacy}","received_events_url":"https://api.github.com/users/rajudev24/received_events","type":"User","site_admin":false,"name":"Raju Deb Nath","company":null,"blog":"","location":"Chittagong, Bangladesh","email":null,"hireable":null,"bio":"Front End Developer","twitter_username":null,"public_repos":18,"public_gists":0,"followers":0,"following":0,"created_at":"2018-04-08T06:28:35Z","updated_at":"2021-10-06T06:53:06Z","private_gists":0,"total_private_repos":0,"owned_private_repos":0,"disk_usage":137542,"collaborators":0,"two_factor_authentication":false,"plan":{"name":"pro","space":976562499,"collaborators":0,"private_repos":9999}}
[info] 
[info] +  Success! Logged into GitHub as rajudev24 
[info] 
[debug] [2021-10-19T11:17:03.251Z] >>> [apiv2][query] GET https://api.github.com/repos/user/actions/secrets/public-key type=owner
[debug] [2021-10-19T11:17:03.781Z] <<< [apiv2][status] GET https://api.github.com/repos/user/actions/secrets/public-key 404
[debug] [2021-10-19T11:17:03.781Z] <<< [apiv2][body] GET https://api.github.com/repos/user/actions/secrets/public-key {"message":"Not Found","documentation_url":"https://docs.github.com/rest"}
[debug] [2021-10-19T11:17:16.073Z] >>> [apiv2][query] GET https://api.github.com/repos/dist/actions/secrets/public-key type=owner
[debug] [2021-10-19T11:17:16.546Z] <<< [apiv2][status] GET https://api.github.com/repos/dist/actions/secrets/public-key 404
[debug] [2021-10-19T11:17:16.547Z] <<< [apiv2][body] GET https://api.github.com/repos/dist/actions/secrets/public-key {"message":"Not Found","documentation_url":"https://docs.github.com/rest"}
[debug] [2021-10-19T11:17:22.973Z] >>> [apiv2][query] GET https://api.github.com/repos//actions/secrets/public-key type=owner
[debug] [2021-10-19T11:17:23.411Z] <<< [apiv2][status] GET https://api.github.com/repos//actions/secrets/public-key 404
[debug] [2021-10-19T11:17:23.411Z] <<< [apiv2][body] GET https://api.github.com/repos//actions/secrets/public-key {"message":"Not Found","documentation_url":"https://docs.github.com/rest"}
[debug] [2021-10-19T11:17:24.093Z] >>> [apiv2][query] GET https://api.github.com/repos//actions/secrets/public-key type=owner
[debug] [2021-10-19T11:17:24.552Z] <<< [apiv2][status] GET https://api.github.com/repos//actions/secrets/public-key 404
[debug] [2021-10-19T11:17:24.552Z] <<< [apiv2][body] GET https://api.github.com/repos//actions/secrets/public-key {"message":"Not Found","documentation_url":"https://docs.github.com/rest"}
[debug] [2021-10-19T11:17:42.099Z] >>> [apiv2][query] GET https://api.github.com/repos/repository/actions/secrets/public-key type=owner
[debug] [2021-10-19T11:17:42.548Z] <<< [apiv2][status] GET https://api.github.com/repos/repository/actions/secrets/public-key 404
[debug] [2021-10-19T11:17:42.549Z] <<< [apiv2][body] GET https://api.github.com/repos/repository/actions/secrets/public-key {"message":"Not Found","documentation_url":"https://docs.github.com/rest"}
[debug] [2021-10-19T11:17:47.218Z] >>> [apiv2][query] GET https://api.github.com/repos/?/actions/secrets/public-key type=owner
[debug] [2021-10-19T11:17:47.668Z] <<< [apiv2][status] GET https://api.github.com/repos/?/actions/secrets/public-key 404
[debug] [2021-10-19T11:17:47.668Z] <<< [apiv2][body] GET https://api.github.com/repos/?/actions/secrets/public-key {"message":"Not Found","documentation_url":"https://docs.github.com/rest"}
[debug] [2021-10-19T11:18:14.977Z] >>> [apiv2][query] GET https://api.github.com/repos/healthcare-related-website-rajudev24/actions/secrets/public-key type=owner
[debug] [2021-10-19T11:18:15.433Z] <<< [apiv2][status] GET https://api.github.com/repos/healthcare-related-website-rajudev24/actions/secrets/public-key 404
[debug] [2021-10-19T11:18:15.434Z] <<< [apiv2][body] GET https://api.github.com/repos/healthcare-related-website-rajudev24/actions/secrets/public-key {"message":"Not Found","documentation_url":"https://docs.github.com/rest"}
[debug] [2021-10-19T11:18:16.164Z] >>> [apiv2][query] GET https://api.github.com/repos//actions/secrets/public-key type=owner
[debug] [2021-10-19T11:18:16.608Z] <<< [apiv2][status] GET https://api.github.com/repos//actions/secrets/public-key 404
[debug] [2021-10-19T11:18:16.608Z] <<< [apiv2][body] GET https://api.github.com/repos//actions/secrets/public-key {"message":"Not Found","documentation_url":"https://docs.github.com/rest"}
[debug] [2021-10-19T11:19:10.945Z] >>> [apiv2][query] GET https://api.github.com/repos/Programming-Hero-Web-Course3/actions/secrets/public-key type=owner
[debug] [2021-10-19T11:19:10.947Z] >>> [apiv2][query] GET https://api.github.com/repos///actions/secrets/public-key type=owner
[debug] [2021-10-19T11:19:11.398Z] <<< [apiv2][status] GET https://api.github.com/repos/Programming-Hero-Web-Course3/actions/secrets/public-key 404
[debug] [2021-10-19T11:19:11.398Z] <<< [apiv2][body] GET https://api.github.com/repos/Programming-Hero-Web-Course3/actions/secrets/public-key {"message":"Not Found","documentation_url":"https://docs.github.com/rest"}
[debug] [2021-10-19T11:19:11.404Z] <<< [apiv2][status] GET https://api.github.com/repos///actions/secrets/public-key 404
[debug] [2021-10-19T11:19:11.404Z] <<< [apiv2][body] GET https://api.github.com/repos///actions/secrets/public-key {"message":"Not Found","documentation_url":"https://docs.github.com/rest"}
[debug] [2021-10-19T11:19:12.428Z] >>> [apiv2][query] GET https://api.github.com/repos/healthcare-related-website-rajudev24/actions/secrets/public-key type=owner
[debug] [2021-10-19T11:19:12.870Z] <<< [apiv2][status] GET https://api.github.com/repos/healthcare-related-website-rajudev24/actions/secrets/public-key 404
[debug] [2021-10-19T11:19:12.870Z] <<< [apiv2][body] GET https://api.github.com/repos/healthcare-related-website-rajudev24/actions/secrets/public-key {"message":"Not Found","documentation_url":"https://docs.github.com/rest"}
[debug] [2021-10-19T11:19:41.980Z] >>> [apiv2][query] GET https://api.github.com/repos/rajudev24//actions/secrets/public-key type=owner
[debug] [2021-10-19T11:19:41.983Z] >>> [apiv2][query] GET https://api.github.com/repos/healthcare-related-website-rajudev24/actions/secrets/public-key type=owner
[debug] [2021-10-19T11:19:42.424Z] <<< [apiv2][status] GET https://api.github.com/repos/rajudev24//actions/secrets/public-key 404
[debug] [2021-10-19T11:19:42.424Z] <<< [apiv2][body] GET https://api.github.com/repos/rajudev24//actions/secrets/public-key {"message":"Not Found","documentation_url":"https://docs.github.com/rest"}
[debug] [2021-10-19T11:19:42.427Z] <<< [apiv2][status] GET https://api.github.com/repos/healthcare-related-website-rajudev24/actions/secrets/public-key 404
[debug] [2021-10-19T11:19:42.428Z] <<< [apiv2][body] GET https://api.github.com/repos/healthcare-related-website-rajudev24/actions/secrets/public-key {"message":"Not Found","documentation_url":"https://docs.github.com/rest"}
[debug] [2021-10-19T11:19:50.861Z] >>> [apiv2][query] GET https://api.github.com/repos/rajudev24//actions/secrets/public-key type=owner
[debug] [2021-10-19T11:19:50.864Z] >>> [apiv2][query] GET https://api.github.com/repos/healthcare-related-website-rajudev24/actions/secrets/public-key type=owner
[debug] [2021-10-19T11:19:51.309Z] <<< [apiv2][status] GET https://api.github.com/repos/rajudev24//actions/secrets/public-key 404
[debug] [2021-10-19T11:19:51.309Z] <<< [apiv2][body] GET https://api.github.com/repos/rajudev24//actions/secrets/public-key {"message":"Not Found","documentation_url":"https://docs.github.com/rest"}
[debug] [2021-10-19T11:19:51.310Z] <<< [apiv2][status] GET https://api.github.com/repos/healthcare-related-website-rajudev24/actions/secrets/public-key 404
[debug] [2021-10-19T11:19:51.310Z] <<< [apiv2][body] GET https://api.github.com/repos/healthcare-related-website-rajudev24/actions/secrets/public-key {"message":"Not Found","documentation_url":"https://docs.github.com/rest"}
[debug] [2021-10-19T11:20:15.155Z] >>> [apiv2][query] GET https://api.github.com/repos/rajudev24//actions/secrets/public-key type=owner
[debug] [2021-10-19T11:20:15.158Z] >>> [apiv2][query] GET https://api.github.com/repos/healthcare-related-website-rajudev24/actions/secrets/public-key type=owner
[debug] [2021-10-19T11:20:15.704Z] <<< [apiv2][status] GET https://api.github.com/repos/rajudev24//actions/secrets/public-key 404
[debug] [2021-10-19T11:20:15.704Z] <<< [apiv2][body] GET https://api.github.com/repos/rajudev24//actions/secrets/public-key {"message":"Not Found","documentation_url":"https://docs.github.com/rest"}
[debug] [2021-10-19T11:20:15.722Z] <<< [apiv2][status] GET https://api.github.com/repos/healthcare-related-website-rajudev24/actions/secrets/public-key 404
[debug] [2021-10-19T11:20:15.723Z] <<< [apiv2][body] GET https://api.github.com/repos/healthcare-related-website-rajudev24/actions/secrets/public-key {"message":"Not Found","documentation_url":"https://docs.github.com/rest"}
[debug] [2021-10-19T11:21:16.577Z] >>> [apiv2][query] GET https://api.github.com/repos/rajudev24/healthcare-related-website-rajudev24/actions/secrets/public-key type=owner
[debug] [2021-10-19T11:21:17.089Z] <<< [apiv2][status] GET https://api.github.com/repos/rajudev24/healthcare-related-website-rajudev24/actions/secrets/public-key 404
[debug] [2021-10-19T11:21:17.089Z] <<< [apiv2][body] GET https://api.github.com/repos/rajudev24/healthcare-related-website-rajudev24/actions/secrets/public-key {"message":"Not Found","documentation_url":"https://docs.github.com/rest/reference/actions#get-a-repository-public-key"}
